This file contains any messages produced by compilers while
running configure, to aid debugging if configure makes a mistake.

It was created by configure, which was
generated by GNU Autoconf 2.68.  Invocation command line was

  $ ./configure 

## --------- ##
## Platform. ##
## --------- ##

hostname = metzli
uname -m = x86_64
uname -r = 3.8.0-19-generic
uname -s = Linux
uname -v = #29-Ubuntu SMP Wed Apr 17 18:16:28 UTC 2013

/usr/bin/uname -p = unknown
/bin/uname -X     = unknown

/bin/arch              = unknown
/usr/bin/arch -k       = unknown
/usr/convex/getsysinfo = unknown
/usr/bin/hostinfo      = unknown
/bin/machine           = unknown
/usr/bin/oslevel       = unknown
/bin/universe          = unknown

PATH: /usr/lib/lightdm/lightdm
PATH: /usr/local/sbin
PATH: /usr/local/bin
PATH: /usr/sbin
PATH: /usr/bin
PATH: /sbin
PATH: /bin
PATH: /usr/games
PATH: /usr/local/games


## ----------- ##
## Core tests. ##
## ----------- ##

configure:2489: checking build system type
configure:2503: result: x86_64-unknown-linux-gnu
configure:2523: checking host system type
configure:2536: result: x86_64-unknown-linux-gnu
configure:2577: checking how to print strings
configure:2604: result: printf
configure:2673: checking for gcc
configure:2689: found /usr/bin/gcc
configure:2700: result: gcc
configure:2929: checking for C compiler version
configure:2938: gcc --version >&5
gcc (Ubuntu/Linaro 4.7.3-1ubuntu1) 4.7.3
Copyright (C) 2012 Free Software Foundation, Inc.
This is free software; see the source for copying conditions.  There is NO
warranty; not even for MERCHANTABILITY or FITNESS FOR A PARTICULAR PURPOSE.

configure:2949: $? = 0
configure:2938: gcc -v >&5
Using built-in specs.
COLLECT_GCC=gcc
COLLECT_LTO_WRAPPER=/usr/lib/gcc/x86_64-linux-gnu/4.7/lto-wrapper
Target: x86_64-linux-gnu
Configured with: ../src/configure -v --with-pkgversion='Ubuntu/Linaro 4.7.3-1ubuntu1' --with-bugurl=file:///usr/share/doc/gcc-4.7/README.Bugs --enable-languages=c,c++,go,fortran,objc,obj-c++ --prefix=/usr --program-suffix=-4.7 --enable-shared --enable-linker-build-id --libexecdir=/usr/lib --without-included-gettext --enable-threads=posix --with-gxx-include-dir=/usr/include/c++/4.7 --libdir=/usr/lib --enable-nls --with-sysroot=/ --enable-clocale=gnu --enable-libstdcxx-debug --enable-libstdcxx-time=yes --enable-gnu-unique-object --enable-plugin --with-system-zlib --enable-objc-gc --with-cloog --enable-cloog-backend=ppl --disable-cloog-version-check --disable-ppl-version-check --enable-multiarch --disable-werror --with-arch-32=i686 --with-abi=m64 --with-multilib-list=m32,m64,mx32 --with-tune=generic --enable-checking=release --build=x86_64-linux-gnu --host=x86_64-linux-gnu --target=x86_64-linux-gnu
Thread model: posix
gcc version 4.7.3 (Ubuntu/Linaro 4.7.3-1ubuntu1) 
configure:2949: $? = 0
configure:2938: gcc -V >&5
gcc: error: unrecognized command line option '-V'
gcc: fatal error: no input files
compilation terminated.
configure:2949: $? = 4
configure:2938: gcc -qversion >&5
gcc: error: unrecognized command line option '-qversion'
gcc: fatal error: no input files
compilation terminated.
configure:2949: $? = 4
configure:2969: checking whether the C compiler works
configure:2991: gcc    conftest.c  >&5
configure:2995: $? = 0
configure:3043: result: yes
configure:3046: checking for C compiler default output file name
configure:3048: result: a.out
configure:3054: checking for suffix of executables
configure:3061: gcc -o conftest    conftest.c  >&5
configure:3065: $? = 0
configure:3087: result: 
configure:3109: checking whether we are cross compiling
configure:3117: gcc -o conftest    conftest.c  >&5
configure:3121: $? = 0
configure:3128: ./conftest
configure:3132: $? = 0
configure:3147: result: no
configure:3152: checking for suffix of object files
configure:3174: gcc -c   conftest.c >&5
configure:3178: $? = 0
configure:3199: result: o
configure:3203: checking whether we are using the GNU C compiler
configure:3222: gcc -c   conftest.c >&5
configure:3222: $? = 0
configure:3231: result: yes
configure:3240: checking whether gcc accepts -g
configure:3260: gcc -c -g  conftest.c >&5
configure:3260: $? = 0
configure:3301: result: yes
configure:3318: checking for gcc option to accept ISO C89
configure:3382: gcc  -c -g -O2  conftest.c >&5
configure:3382: $? = 0
configure:3395: result: none needed
configure:3415: checking for a sed that does not truncate output
configure:3479: result: /bin/sed
configure:3497: checking for grep that handles long lines and -e
configure:3555: result: /bin/grep
configure:3560: checking for egrep
configure:3622: result: /bin/grep -E
configure:3627: checking for fgrep
configure:3689: result: /bin/grep -F
configure:3724: checking for ld used by gcc
configure:3791: result: /usr/bin/ld
configure:3798: checking if the linker (/usr/bin/ld) is GNU ld
configure:3813: result: yes
configure:3825: checking for BSD- or MS-compatible name lister (nm)
configure:3874: result: /usr/bin/nm -B
configure:4004: checking the name lister (/usr/bin/nm -B) interface
configure:4011: gcc -c -g -O2  conftest.c >&5
configure:4014: /usr/bin/nm -B "conftest.o"
configure:4017: output
0000000000000000 B some_variable
configure:4024: result: BSD nm
configure:4027: checking whether ln -s works
configure:4031: result: yes
configure:4039: checking the maximum length of command line arguments
configure:4169: result: 1572864
configure:4186: checking whether the shell understands some XSI constructs
configure:4196: result: yes
configure:4200: checking whether the shell understands "+="
configure:4206: result: yes
configure:4241: checking how to convert x86_64-unknown-linux-gnu file names to x86_64-unknown-linux-gnu format
configure:4281: result: func_convert_file_noop
configure:4288: checking how to convert x86_64-unknown-linux-gnu file names to toolchain format
configure:4308: result: func_convert_file_noop
configure:4315: checking for /usr/bin/ld option to reload object files
configure:4322: result: -r
configure:4396: checking for objdump
configure:4412: found /usr/bin/objdump
configure:4423: result: objdump
configure:4455: checking how to recognize dependent libraries
configure:4657: result: pass_all
configure:4742: checking for dlltool
configure:4772: result: no
configure:4802: checking how to associate runtime and link libraries
configure:4829: result: printf %s\n
configure:4890: checking for ar
configure:4906: found /usr/bin/ar
configure:4917: result: ar
configure:4954: checking for archiver @FILE support
configure:4971: gcc -c -g -O2  conftest.c >&5
configure:4971: $? = 0
configure:4974: ar cru libconftest.a @conftest.lst >&5
configure:4977: $? = 0
configure:4982: ar cru libconftest.a @conftest.lst >&5
ar: conftest.o: No such file or directory
configure:4985: $? = 1
configure:4997: result: @
configure:5055: checking for strip
configure:5071: found /usr/bin/strip
configure:5082: result: strip
configure:5154: checking for ranlib
configure:5170: found /usr/bin/ranlib
configure:5181: result: ranlib
configure:5258: checking for gawk
configure:5288: result: no
configure:5258: checking for mawk
configure:5274: found /usr/bin/mawk
configure:5285: result: mawk
configure:5325: checking command to parse /usr/bin/nm -B output from gcc object
configure:5445: gcc -c -g -O2  conftest.c >&5
configure:5448: $? = 0
configure:5452: /usr/bin/nm -B conftest.o \| sed -n -e 's/^.*[ ]\([ABCDGIRSTW][ABCDGIRSTW]*\)[ ][ ]*\([_A-Za-z][_A-Za-z0-9]*\)$/\1 \2 \2/p' | sed '/ __gnu_lto/d' \> conftest.nm
configure:5455: $? = 0
configure:5521: gcc -o conftest -g -O2   conftest.c conftstm.o >&5
configure:5524: $? = 0
configure:5562: result: ok
configure:5599: checking for sysroot
configure:5629: result: no
configure:5706: gcc -c -g -O2  conftest.c >&5
configure:5709: $? = 0
configure:5885: checking for mt
configure:5901: found /bin/mt
configure:5912: result: mt
configure:5935: checking if mt is a manifest tool
configure:5941: mt '-?'
configure:5949: result: no
configure:6591: checking how to run the C preprocessor
configure:6622: gcc -E  conftest.c
configure:6622: $? = 0
configure:6636: gcc -E  conftest.c
conftest.c:9:28: fatal error: ac_nonexistent.h: No such file or directory
compilation terminated.
configure:6636: $? = 1
configure: failed program was:
| /* confdefs.h */
| #define PACKAGE_NAME ""
| #define PACKAGE_TARNAME ""
| #define PACKAGE_VERSION ""
| #define PACKAGE_STRING ""
| #define PACKAGE_BUGREPORT ""
| #define PACKAGE_URL ""
| /* end confdefs.h.  */
| #include <ac_nonexistent.h>
configure:6661: result: gcc -E
configure:6681: gcc -E  conftest.c
configure:6681: $? = 0
configure:6695: gcc -E  conftest.c
conftest.c:9:28: fatal error: ac_nonexistent.h: No such file or directory
compilation terminated.
configure:6695: $? = 1
configure: failed program was:
| /* confdefs.h */
| #define PACKAGE_NAME ""
| #define PACKAGE_TARNAME ""
| #define PACKAGE_VERSION ""
| #define PACKAGE_STRING ""
| #define PACKAGE_BUGREPORT ""
| #define PACKAGE_URL ""
| /* end confdefs.h.  */
| #include <ac_nonexistent.h>
configure:6724: checking for ANSI C header files
configure:6744: gcc -c -g -O2  conftest.c >&5
configure:6744: $? = 0
configure:6817: gcc -o conftest -g -O2   conftest.c  >&5
configure:6817: $? = 0
configure:6817: ./conftest
configure:6817: $? = 0
configure:6828: result: yes
configure:6841: checking for sys/types.h
configure:6841: gcc -c -g -O2  conftest.c >&5
configure:6841: $? = 0
configure:6841: result: yes
configure:6841: checking for sys/stat.h
configure:6841: gcc -c -g -O2  conftest.c >&5
configure:6841: $? = 0
configure:6841: result: yes
configure:6841: checking for stdlib.h
configure:6841: gcc -c -g -O2  conftest.c >&5
configure:6841: $? = 0
configure:6841: result: yes
configure:6841: checking for string.h
configure:6841: gcc -c -g -O2  conftest.c >&5
configure:6841: $? = 0
configure:6841: result: yes
configure:6841: checking for memory.h
configure:6841: gcc -c -g -O2  conftest.c >&5
configure:6841: $? = 0
configure:6841: result: yes
configure:6841: checking for strings.h
configure:6841: gcc -c -g -O2  conftest.c >&5
configure:6841: $? = 0
configure:6841: result: yes
configure:6841: checking for inttypes.h
configure:6841: gcc -c -g -O2  conftest.c >&5
configure:6841: $? = 0
configure:6841: result: yes
configure:6841: checking for stdint.h
configure:6841: gcc -c -g -O2  conftest.c >&5
configure:6841: $? = 0
configure:6841: result: yes
configure:6841: checking for unistd.h
configure:6841: gcc -c -g -O2  conftest.c >&5
configure:6841: $? = 0
configure:6841: result: yes
configure:6855: checking for dlfcn.h
configure:6855: gcc -c -g -O2  conftest.c >&5
configure:6855: $? = 0
configure:6855: result: yes
configure:7061: checking for objdir
configure:7076: result: .libs
configure:7347: checking if gcc supports -fno-rtti -fno-exceptions
configure:7365: gcc -c -g -O2  -fno-rtti -fno-exceptions conftest.c >&5
cc1: warning: command line option '-fno-rtti' is valid for C++/ObjC++ but not for C [enabled by default]
configure:7369: $? = 0
configure:7382: result: no
configure:7709: checking for gcc option to produce PIC
configure:7716: result: -fPIC -DPIC
configure:7724: checking if gcc PIC flag -fPIC -DPIC works
configure:7742: gcc -c -g -O2  -fPIC -DPIC -DPIC conftest.c >&5
configure:7746: $? = 0
configure:7759: result: yes
configure:7788: checking if gcc static flag -static works
configure:7816: result: yes
configure:7831: checking if gcc supports -c -o file.o
configure:7852: gcc -c -g -O2  -o out/conftest2.o conftest.c >&5
configure:7856: $? = 0
configure:7878: result: yes
configure:7886: checking if gcc supports -c -o file.o
configure:7933: result: yes
configure:7966: checking whether the gcc linker (/usr/bin/ld -m elf_x86_64) supports shared libraries
configure:9119: result: yes
configure:9156: checking whether -lc should be explicitly linked in
configure:9164: gcc -c -g -O2  conftest.c >&5
configure:9167: $? = 0
configure:9182: gcc -shared  -fPIC -DPIC conftest.o  -v -Wl,-soname -Wl,conftest -o conftest 2\>\&1 \| /bin/grep  -lc  \>/dev/null 2\>\&1
configure:9185: $? = 0
configure:9199: result: no
configure:9359: checking dynamic linker characteristics
configure:9870: gcc -o conftest -g -O2   -Wl,-rpath -Wl,/foo conftest.c  >&5
configure:9870: $? = 0
configure:10092: result: GNU/Linux ld.so
configure:10199: checking how to hardcode library paths into programs
configure:10224: result: immediate
configure:10764: checking whether stripping libraries is possible
configure:10769: result: yes
configure:10804: checking if libtool supports shared libraries
configure:10806: result: yes
configure:10809: checking whether to build shared libraries
configure:10830: result: yes
configure:10833: checking whether to build static libraries
configure:10837: result: yes
configure:10923: checking for gcc
configure:10950: result: gcc
configure:11179: checking for C compiler version
configure:11188: gcc --version >&5
gcc (Ubuntu/Linaro 4.7.3-1ubuntu1) 4.7.3
Copyright (C) 2012 Free Software Foundation, Inc.
This is free software; see the source for copying conditions.  There is NO
warranty; not even for MERCHANTABILITY or FITNESS FOR A PARTICULAR PURPOSE.

configure:11199: $? = 0
configure:11188: gcc -v >&5
Using built-in specs.
COLLECT_GCC=gcc
COLLECT_LTO_WRAPPER=/usr/lib/gcc/x86_64-linux-gnu/4.7/lto-wrapper
Target: x86_64-linux-gnu
Configured with: ../src/configure -v --with-pkgversion='Ubuntu/Linaro 4.7.3-1ubuntu1' --with-bugurl=file:///usr/share/doc/gcc-4.7/README.Bugs --enable-languages=c,c++,go,fortran,objc,obj-c++ --prefix=/usr --program-suffix=-4.7 --enable-shared --enable-linker-build-id --libexecdir=/usr/lib --without-included-gettext --enable-threads=posix --with-gxx-include-dir=/usr/include/c++/4.7 --libdir=/usr/lib --enable-nls --with-sysroot=/ --enable-clocale=gnu --enable-libstdcxx-debug --enable-libstdcxx-time=yes --enable-gnu-unique-object --enable-plugin --with-system-zlib --enable-objc-gc --with-cloog --enable-cloog-backend=ppl --disable-cloog-version-check --disable-ppl-version-check --enable-multiarch --disable-werror --with-arch-32=i686 --with-abi=m64 --with-multilib-list=m32,m64,mx32 --with-tune=generic --enable-checking=release --build=x86_64-linux-gnu --host=x86_64-linux-gnu --target=x86_64-linux-gnu
Thread model: posix
gcc version 4.7.3 (Ubuntu/Linaro 4.7.3-1ubuntu1) 
configure:11199: $? = 0
configure:11188: gcc -V >&5
gcc: error: unrecognized command line option '-V'
gcc: fatal error: no input files
compilation terminated.
configure:11199: $? = 4
configure:11188: gcc -qversion >&5
gcc: error: unrecognized command line option '-qversion'
gcc: fatal error: no input files
compilation terminated.
configure:11199: $? = 4
configure:11203: checking whether we are using the GNU C compiler
configure:11231: result: yes
configure:11240: checking whether gcc accepts -g
configure:11301: result: yes
configure:11318: checking for gcc option to accept ISO C89
configure:11395: result: none needed
configure:11420: checking how to run the C preprocessor
configure:11490: result: gcc -E
configure:11510: gcc -E  conftest.c
configure:11510: $? = 0
configure:11524: gcc -E  conftest.c
conftest.c:21:28: fatal error: ac_nonexistent.h: No such file or directory
compilation terminated.
configure:11524: $? = 1
configure: failed program was:
| /* confdefs.h */
| #define PACKAGE_NAME ""
| #define PACKAGE_TARNAME ""
| #define PACKAGE_VERSION ""
| #define PACKAGE_STRING ""
| #define PACKAGE_BUGREPORT ""
| #define PACKAGE_URL ""
| #define STDC_HEADERS 1
| #define HAVE_SYS_TYPES_H 1
| #define HAVE_SYS_STAT_H 1
| #define HAVE_STDLIB_H 1
| #define HAVE_STRING_H 1
| #define HAVE_MEMORY_H 1
| #define HAVE_STRINGS_H 1
| #define HAVE_INTTYPES_H 1
| #define HAVE_STDINT_H 1
| #define HAVE_UNISTD_H 1
| #define HAVE_DLFCN_H 1
| #define LT_OBJDIR ".libs/"
| /* end confdefs.h.  */
| #include <ac_nonexistent.h>
configure:11610: checking for g++
configure:11626: found /usr/bin/g++
configure:11637: result: g++
configure:11664: checking for C++ compiler version
configure:11673: g++ --version >&5
g++ (Ubuntu/Linaro 4.7.3-1ubuntu1) 4.7.3
Copyright (C) 2012 Free Software Foundation, Inc.
This is free software; see the source for copying conditions.  There is NO
warranty; not even for MERCHANTABILITY or FITNESS FOR A PARTICULAR PURPOSE.

configure:11684: $? = 0
configure:11673: g++ -v >&5
Using built-in specs.
COLLECT_GCC=g++
COLLECT_LTO_WRAPPER=/usr/lib/gcc/x86_64-linux-gnu/4.7/lto-wrapper
Target: x86_64-linux-gnu
Configured with: ../src/configure -v --with-pkgversion='Ubuntu/Linaro 4.7.3-1ubuntu1' --with-bugurl=file:///usr/share/doc/gcc-4.7/README.Bugs --enable-languages=c,c++,go,fortran,objc,obj-c++ --prefix=/usr --program-suffix=-4.7 --enable-shared --enable-linker-build-id --libexecdir=/usr/lib --without-included-gettext --enable-threads=posix --with-gxx-include-dir=/usr/include/c++/4.7 --libdir=/usr/lib --enable-nls --with-sysroot=/ --enable-clocale=gnu --enable-libstdcxx-debug --enable-libstdcxx-time=yes --enable-gnu-unique-object --enable-plugin --with-system-zlib --enable-objc-gc --with-cloog --enable-cloog-backend=ppl --disable-cloog-version-check --disable-ppl-version-check --enable-multiarch --disable-werror --with-arch-32=i686 --with-abi=m64 --with-multilib-list=m32,m64,mx32 --with-tune=generic --enable-checking=release --build=x86_64-linux-gnu --host=x86_64-linux-gnu --target=x86_64-linux-gnu
Thread model: posix
gcc version 4.7.3 (Ubuntu/Linaro 4.7.3-1ubuntu1) 
configure:11684: $? = 0
configure:11673: g++ -V >&5
g++: error: unrecognized command line option '-V'
g++: fatal error: no input files
compilation terminated.
configure:11684: $? = 4
configure:11673: g++ -qversion >&5
g++: error: unrecognized command line option '-qversion'
g++: fatal error: no input files
compilation terminated.
configure:11684: $? = 4
configure:11688: checking whether we are using the GNU C++ compiler
configure:11707: g++ -c   conftest.cpp >&5
configure:11707: $? = 0
configure:11716: result: yes
configure:11725: checking whether g++ accepts -g
configure:11745: g++ -c -g  conftest.cpp >&5
configure:11745: $? = 0
configure:11786: result: yes
configure:11827: checking how to run the C++ preprocessor
configure:11854: g++ -E  conftest.cpp
configure:11854: $? = 0
configure:11868: g++ -E  conftest.cpp
conftest.cpp:21:28: fatal error: ac_nonexistent.h: No such file or directory
compilation terminated.
configure:11868: $? = 1
configure: failed program was:
| /* confdefs.h */
| #define PACKAGE_NAME ""
| #define PACKAGE_TARNAME ""
| #define PACKAGE_VERSION ""
| #define PACKAGE_STRING ""
| #define PACKAGE_BUGREPORT ""
| #define PACKAGE_URL ""
| #define STDC_HEADERS 1
| #define HAVE_SYS_TYPES_H 1
| #define HAVE_SYS_STAT_H 1
| #define HAVE_STDLIB_H 1
| #define HAVE_STRING_H 1
| #define HAVE_MEMORY_H 1
| #define HAVE_STRINGS_H 1
| #define HAVE_INTTYPES_H 1
| #define HAVE_STDINT_H 1
| #define HAVE_UNISTD_H 1
| #define HAVE_DLFCN_H 1
| #define LT_OBJDIR ".libs/"
| /* end confdefs.h.  */
| #include <ac_nonexistent.h>
configure:11893: result: g++ -E
configure:11913: g++ -E  conftest.cpp
configure:11913: $? = 0
configure:11927: g++ -E  conftest.cpp
conftest.cpp:21:28: fatal error: ac_nonexistent.h: No such file or directory
compilation terminated.
configure:11927: $? = 1
configure: failed program was:
| /* confdefs.h */
| #define PACKAGE_NAME ""
| #define PACKAGE_TARNAME ""
| #define PACKAGE_VERSION ""
| #define PACKAGE_STRING ""
| #define PACKAGE_BUGREPORT ""
| #define PACKAGE_URL ""
| #define STDC_HEADERS 1
| #define HAVE_SYS_TYPES_H 1
| #define HAVE_SYS_STAT_H 1
| #define HAVE_STDLIB_H 1
| #define HAVE_STRING_H 1
| #define HAVE_MEMORY_H 1
| #define HAVE_STRINGS_H 1
| #define HAVE_INTTYPES_H 1
| #define HAVE_STDINT_H 1
| #define HAVE_UNISTD_H 1
| #define HAVE_DLFCN_H 1
| #define LT_OBJDIR ".libs/"
| /* end confdefs.h.  */
| #include <ac_nonexistent.h>
configure:12096: checking for ld used by g++
configure:12163: result: /usr/bin/ld -m elf_x86_64
configure:12170: checking if the linker (/usr/bin/ld -m elf_x86_64) is GNU ld
configure:12185: result: yes
configure:12240: checking whether the g++ linker (/usr/bin/ld -m elf_x86_64) supports shared libraries
configure:13245: result: yes
configure:13281: g++ -c -g -O2  conftest.cpp >&5
configure:13284: $? = 0
configure:13804: checking for g++ option to produce PIC
configure:13811: result: -fPIC -DPIC
configure:13819: checking if g++ PIC flag -fPIC -DPIC works
configure:13837: g++ -c -g -O2  -fPIC -DPIC -DPIC conftest.cpp >&5
configure:13841: $? = 0
configure:13854: result: yes
configure:13877: checking if g++ static flag -static works
configure:13905: result: yes
configure:13917: checking if g++ supports -c -o file.o
configure:13938: g++ -c -g -O2  -o out/conftest2.o conftest.cpp >&5
configure:13942: $? = 0
configure:13964: result: yes
configure:13969: checking if g++ supports -c -o file.o
configure:14016: result: yes
configure:14046: checking whether the g++ linker (/usr/bin/ld -m elf_x86_64) supports shared libraries
configure:14082: result: yes
configure:14223: checking dynamic linker characteristics
configure:14890: result: GNU/Linux ld.so
configure:14943: checking how to hardcode library paths into programs
configure:14968: result: immediate
configure:15010: checking for ant
configure:15043: result: no
configure:15052: checking for cpp
configure:15070: found /usr/bin/cpp
configure:15082: result: /usr/bin/cpp
configure:15144: checking if g++ supports -Wall
configure:15162: gcc -c -g -O2  -Wall conftest.c >&5
configure:15166: $? = 0
configure:15179: result: yes
configure:15188: checking if g++ supports -Wmissing-prototypes
configure:15206: gcc -c -g -O2  -Wmissing-prototypes conftest.c >&5
configure:15210: $? = 0
configure:15223: result: yes
configure:15235: checking if g++ supports -ffloat-store
configure:15253: gcc -c -g -O2  -ffloat-store conftest.c >&5
configure:15257: $? = 0
configure:15270: result: yes
configure:15313: checking for flex
configure:15343: result: no
configure:15313: checking for lex
configure:15343: result: no
configure:15471: checking for bison
configure:15501: result: no
configure:15471: checking for byacc
configure:15501: result: no
configure:15513: checking ieeefp.h usability
configure:15513: gcc -c -g -O2  conftest.c >&5
conftest.c:57:20: fatal error: ieeefp.h: No such file or directory
compilation terminated.
configure:15513: $? = 1
configure: failed program was:
| /* confdefs.h */
| #define PACKAGE_NAME ""
| #define PACKAGE_TARNAME ""
| #define PACKAGE_VERSION ""
| #define PACKAGE_STRING ""
| #define PACKAGE_BUGREPORT ""
| #define PACKAGE_URL ""
| #define STDC_HEADERS 1
| #define HAVE_SYS_TYPES_H 1
| #define HAVE_SYS_STAT_H 1
| #define HAVE_STDLIB_H 1
| #define HAVE_STRING_H 1
| #define HAVE_MEMORY_H 1
| #define HAVE_STRINGS_H 1
| #define HAVE_INTTYPES_H 1
| #define HAVE_STDINT_H 1
| #define HAVE_UNISTD_H 1
| #define HAVE_DLFCN_H 1
| #define LT_OBJDIR ".libs/"
| #define POSTGIS_MAJOR_VERSION "2"
| #define POSTGIS_MINOR_VERSION "0"
| #define POSTGIS_MICRO_VERSION "1"
| /* end confdefs.h.  */
| #include <stdio.h>
| #ifdef HAVE_SYS_TYPES_H
| # include <sys/types.h>
| #endif
| #ifdef HAVE_SYS_STAT_H
| # include <sys/stat.h>
| #endif
| #ifdef STDC_HEADERS
| # include <stdlib.h>
| # include <stddef.h>
| #else
| # ifdef HAVE_STDLIB_H
| #  include <stdlib.h>
| # endif
| #endif
| #ifdef HAVE_STRING_H
| # if !defined STDC_HEADERS && defined HAVE_MEMORY_H
| #  include <memory.h>
| # endif
| # include <string.h>
| #endif
| #ifdef HAVE_STRINGS_H
| # include <strings.h>
| #endif
| #ifdef HAVE_INTTYPES_H
| # include <inttypes.h>
| #endif
| #ifdef HAVE_STDINT_H
| # include <stdint.h>
| #endif
| #ifdef HAVE_UNISTD_H
| # include <unistd.h>
| #endif
| #include <ieeefp.h>
configure:15513: result: no
configure:15513: checking ieeefp.h presence
configure:15513: gcc -E  conftest.c
conftest.c:24:20: fatal error: ieeefp.h: No such file or directory
compilation terminated.
configure:15513: $? = 1
configure: failed program was:
| /* confdefs.h */
| #define PACKAGE_NAME ""
| #define PACKAGE_TARNAME ""
| #define PACKAGE_VERSION ""
| #define PACKAGE_STRING ""
| #define PACKAGE_BUGREPORT ""
| #define PACKAGE_URL ""
| #define STDC_HEADERS 1
| #define HAVE_SYS_TYPES_H 1
| #define HAVE_SYS_STAT_H 1
| #define HAVE_STDLIB_H 1
| #define HAVE_STRING_H 1
| #define HAVE_MEMORY_H 1
| #define HAVE_STRINGS_H 1
| #define HAVE_INTTYPES_H 1
| #define HAVE_STDINT_H 1
| #define HAVE_UNISTD_H 1
| #define HAVE_DLFCN_H 1
| #define LT_OBJDIR ".libs/"
| #define POSTGIS_MAJOR_VERSION "2"
| #define POSTGIS_MINOR_VERSION "0"
| #define POSTGIS_MICRO_VERSION "1"
| /* end confdefs.h.  */
| #include <ieeefp.h>
configure:15513: result: no
configure:15513: checking for ieeefp.h
configure:15513: result: no
configure:15526: checking termios.h usability
configure:15526: gcc -c -g -O2  conftest.c >&5
configure:15526: $? = 0
configure:15526: result: yes
configure:15526: checking termios.h presence
configure:15526: gcc -E  conftest.c
configure:15526: $? = 0
configure:15526: result: yes
configure:15526: checking for termios.h
configure:15526: result: yes
configure:15541: checking for vasprintf
configure:15541: gcc -o conftest -g -O2   conftest.c  >&5
configure:15541: $? = 0
configure:15541: result: yes
configure:15550: checking for asprintf
configure:15550: gcc -o conftest -g -O2   conftest.c  >&5
configure:15550: $? = 0
configure:15550: result: yes
configure:15559: checking for _LARGEFILE_SOURCE value needed for large files
configure:15578: gcc -o conftest -g -O2   conftest.c  >&5
configure:15578: $? = 0
configure:15606: result: no
configure:15640: checking for perl
configure:15658: found /usr/bin/perl
configure:15670: result: /usr/bin/perl
configure:15686: checking for convert
configure:15719: result: no
configure:15725: WARNING: ImageMagick does not seem to be installed. Documentation cannot be built
configure:15731: checking for xsltproc
configure:15764: result: no
configure:15770: WARNING: xsltproc is not installed so documentation cannot be built
configure:15776: checking for xmllint
configure:15809: result: no
configure:15815: WARNING: xmllint is not installed so documentation cannot be checked
configure:15821: checking for dblatex
configure:15854: result: no
configure:15860: WARNING: dblatex is not installed so PDF documentation cannot be built
configure:15892: WARNING: could not locate Docbook stylesheets required to build the documentation
configure:15930: checking CUnit/CUnit.h usability
configure:15930: gcc -c -g -O2  conftest.c >&5
conftest.c:62:25: fatal error: CUnit/CUnit.h: No such file or directory
compilation terminated.
configure:15930: $? = 1
configure: failed program was:
| /* confdefs.h */
| #define PACKAGE_NAME ""
| #define PACKAGE_TARNAME ""
| #define PACKAGE_VERSION ""
| #define PACKAGE_STRING ""
| #define PACKAGE_BUGREPORT ""
| #define PACKAGE_URL ""
| #define STDC_HEADERS 1
| #define HAVE_SYS_TYPES_H 1
| #define HAVE_SYS_STAT_H 1
| #define HAVE_STDLIB_H 1
| #define HAVE_STRING_H 1
| #define HAVE_MEMORY_H 1
| #define HAVE_STRINGS_H 1
| #define HAVE_INTTYPES_H 1
| #define HAVE_STDINT_H 1
| #define HAVE_UNISTD_H 1
| #define HAVE_DLFCN_H 1
| #define LT_OBJDIR ".libs/"
| #define POSTGIS_MAJOR_VERSION "2"
| #define POSTGIS_MINOR_VERSION "0"
| #define POSTGIS_MICRO_VERSION "1"
| #define HAVE_IEEEFP_H 0
| #define HAVE_TERMIOS_H 1
| #define HAVE_VASPRINTF 1
| #define HAVE_ASPRINTF 1
| #define HAVE_FSEEKO 1
| /* end confdefs.h.  */
| #include <stdio.h>
| #ifdef HAVE_SYS_TYPES_H
| # include <sys/types.h>
| #endif
| #ifdef HAVE_SYS_STAT_H
| # include <sys/stat.h>
| #endif
| #ifdef STDC_HEADERS
| # include <stdlib.h>
| # include <stddef.h>
| #else
| # ifdef HAVE_STDLIB_H
| #  include <stdlib.h>
| # endif
| #endif
| #ifdef HAVE_STRING_H
| # if !defined STDC_HEADERS && defined HAVE_MEMORY_H
| #  include <memory.h>
| # endif
| # include <string.h>
| #endif
| #ifdef HAVE_STRINGS_H
| # include <strings.h>
| #endif
| #ifdef HAVE_INTTYPES_H
| # include <inttypes.h>
| #endif
| #ifdef HAVE_STDINT_H
| # include <stdint.h>
| #endif
| #ifdef HAVE_UNISTD_H
| # include <unistd.h>
| #endif
| #include <CUnit/CUnit.h>
configure:15930: result: no
configure:15930: checking CUnit/CUnit.h presence
configure:15930: gcc -E  conftest.c
conftest.c:29:25: fatal error: CUnit/CUnit.h: No such file or directory
compilation terminated.
configure:15930: $? = 1
configure: failed program was:
| /* confdefs.h */
| #define PACKAGE_NAME ""
| #define PACKAGE_TARNAME ""
| #define PACKAGE_VERSION ""
| #define PACKAGE_STRING ""
| #define PACKAGE_BUGREPORT ""
| #define PACKAGE_URL ""
| #define STDC_HEADERS 1
| #define HAVE_SYS_TYPES_H 1
| #define HAVE_SYS_STAT_H 1
| #define HAVE_STDLIB_H 1
| #define HAVE_STRING_H 1
| #define HAVE_MEMORY_H 1
| #define HAVE_STRINGS_H 1
| #define HAVE_INTTYPES_H 1
| #define HAVE_STDINT_H 1
| #define HAVE_UNISTD_H 1
| #define HAVE_DLFCN_H 1
| #define LT_OBJDIR ".libs/"
| #define POSTGIS_MAJOR_VERSION "2"
| #define POSTGIS_MINOR_VERSION "0"
| #define POSTGIS_MICRO_VERSION "1"
| #define HAVE_IEEEFP_H 0
| #define HAVE_TERMIOS_H 1
| #define HAVE_VASPRINTF 1
| #define HAVE_ASPRINTF 1
| #define HAVE_FSEEKO 1
| /* end confdefs.h.  */
| #include <CUnit/CUnit.h>
configure:15930: result: no
configure:15930: checking for CUnit/CUnit.h
configure:15930: result: no
configure:15980: WARNING: could not locate CUnit required for liblwgeom unit tests
configure:16017: checking iconv.h usability
configure:16017: gcc -c -g -O2  conftest.c >&5
configure:16017: $? = 0
configure:16017: result: yes
configure:16017: checking iconv.h presence
configure:16017: gcc -E  conftest.c
configure:16017: $? = 0
configure:16017: result: yes
configure:16017: checking for iconv.h
configure:16017: result: yes
configure:16025: checking for libiconv_open in -liconv
configure:16050: gcc -o conftest -g -O2   conftest.c -liconv   >&5
/usr/bin/ld: cannot find -liconv
collect2: error: ld returned 1 exit status
configure:16050: $? = 1
configure: failed program was:
| /* confdefs.h */
| #define PACKAGE_NAME ""
| #define PACKAGE_TARNAME ""
| #define PACKAGE_VERSION ""
| #define PACKAGE_STRING ""
| #define PACKAGE_BUGREPORT ""
| #define PACKAGE_URL ""
| #define STDC_HEADERS 1
| #define HAVE_SYS_TYPES_H 1
| #define HAVE_SYS_STAT_H 1
| #define HAVE_STDLIB_H 1
| #define HAVE_STRING_H 1
| #define HAVE_MEMORY_H 1
| #define HAVE_STRINGS_H 1
| #define HAVE_INTTYPES_H 1
| #define HAVE_STDINT_H 1
| #define HAVE_UNISTD_H 1
| #define HAVE_DLFCN_H 1
| #define LT_OBJDIR ".libs/"
| #define POSTGIS_MAJOR_VERSION "2"
| #define POSTGIS_MINOR_VERSION "0"
| #define POSTGIS_MICRO_VERSION "1"
| #define HAVE_IEEEFP_H 0
| #define HAVE_TERMIOS_H 1
| #define HAVE_VASPRINTF 1
| #define HAVE_ASPRINTF 1
| #define HAVE_FSEEKO 1
| /* end confdefs.h.  */
| 
| /* Override any GCC internal prototype to avoid an error.
|    Use char because int might match the return type of a GCC
|    builtin and then its argument prototype would still apply.  */
| #ifdef __cplusplus
| extern "C"
| #endif
| char libiconv_open ();
| int
| main ()
| {
| return libiconv_open ();
|   ;
|   return 0;
| }
configure:16059: result: no
configure:16066: checking for iconv_open in -lc
configure:16091: gcc -o conftest -g -O2   conftest.c -lc   >&5
configure:16091: $? = 0
configure:16100: result: yes
configure:16159: checking for iconvctl
configure:16159: gcc -o conftest -g -O2   conftest.c  >&5
/tmp/ccDfLVfM.o: In function `main':
/home/coati/blackrock/postgis-2.0.1/conftest.c:63: undefined reference to `iconvctl'
collect2: error: ld returned 1 exit status
configure:16159: $? = 1
configure: failed program was:
| /* confdefs.h */
| #define PACKAGE_NAME ""
| #define PACKAGE_TARNAME ""
| #define PACKAGE_VERSION ""
| #define PACKAGE_STRING ""
| #define PACKAGE_BUGREPORT ""
| #define PACKAGE_URL ""
| #define STDC_HEADERS 1
| #define HAVE_SYS_TYPES_H 1
| #define HAVE_SYS_STAT_H 1
| #define HAVE_STDLIB_H 1
| #define HAVE_STRING_H 1
| #define HAVE_MEMORY_H 1
| #define HAVE_STRINGS_H 1
| #define HAVE_INTTYPES_H 1
| #define HAVE_STDINT_H 1
| #define HAVE_UNISTD_H 1
| #define HAVE_DLFCN_H 1
| #define LT_OBJDIR ".libs/"
| #define POSTGIS_MAJOR_VERSION "2"
| #define POSTGIS_MINOR_VERSION "0"
| #define POSTGIS_MICRO_VERSION "1"
| #define HAVE_IEEEFP_H 0
| #define HAVE_TERMIOS_H 1
| #define HAVE_VASPRINTF 1
| #define HAVE_ASPRINTF 1
| #define HAVE_FSEEKO 1
| /* end confdefs.h.  */
| /* Define iconvctl to an innocuous variant, in case <limits.h> declares iconvctl.
|    For example, HP-UX 11i <limits.h> declares gettimeofday.  */
| #define iconvctl innocuous_iconvctl
| 
| /* System header to define __stub macros and hopefully few prototypes,
|     which can conflict with char iconvctl (); below.
|     Prefer <limits.h> to <assert.h> if __STDC__ is defined, since
|     <limits.h> exists even on freestanding compilers.  */
| 
| #ifdef __STDC__
| # include <limits.h>
| #else
| # include <assert.h>
| #endif
| 
| #undef iconvctl
| 
| /* Override any GCC internal prototype to avoid an error.
|    Use char because int might match the return type of a GCC
|    builtin and then its argument prototype would still apply.  */
| #ifdef __cplusplus
| extern "C"
| #endif
| char iconvctl ();
| /* The GNU C library defines this for functions which it implements
|     to always fail with ENOSYS.  Some functions are actually named
|     something starting with __ and the normal name is an alias.  */
| #if defined __stub_iconvctl || defined __stub___iconvctl
| choke me
| #endif
| 
| int
| main ()
| {
| return iconvctl ();
|   ;
|   return 0;
| }
configure:16159: result: no
configure:16159: checking for libiconvctl
configure:16159: gcc -o conftest -g -O2   conftest.c  >&5
/tmp/cciayneR.o: In function `main':
/home/coati/blackrock/postgis-2.0.1/conftest.c:63: undefined reference to `libiconvctl'
collect2: error: ld returned 1 exit status
configure:16159: $? = 1
configure: failed program was:
| /* confdefs.h */
| #define PACKAGE_NAME ""
| #define PACKAGE_TARNAME ""
| #define PACKAGE_VERSION ""
| #define PACKAGE_STRING ""
| #define PACKAGE_BUGREPORT ""
| #define PACKAGE_URL ""
| #define STDC_HEADERS 1
| #define HAVE_SYS_TYPES_H 1
| #define HAVE_SYS_STAT_H 1
| #define HAVE_STDLIB_H 1
| #define HAVE_STRING_H 1
| #define HAVE_MEMORY_H 1
| #define HAVE_STRINGS_H 1
| #define HAVE_INTTYPES_H 1
| #define HAVE_STDINT_H 1
| #define HAVE_UNISTD_H 1
| #define HAVE_DLFCN_H 1
| #define LT_OBJDIR ".libs/"
| #define POSTGIS_MAJOR_VERSION "2"
| #define POSTGIS_MINOR_VERSION "0"
| #define POSTGIS_MICRO_VERSION "1"
| #define HAVE_IEEEFP_H 0
| #define HAVE_TERMIOS_H 1
| #define HAVE_VASPRINTF 1
| #define HAVE_ASPRINTF 1
| #define HAVE_FSEEKO 1
| /* end confdefs.h.  */
| /* Define libiconvctl to an innocuous variant, in case <limits.h> declares libiconvctl.
|    For example, HP-UX 11i <limits.h> declares gettimeofday.  */
| #define libiconvctl innocuous_libiconvctl
| 
| /* System header to define __stub macros and hopefully few prototypes,
|     which can conflict with char libiconvctl (); below.
|     Prefer <limits.h> to <assert.h> if __STDC__ is defined, since
|     <limits.h> exists even on freestanding compilers.  */
| 
| #ifdef __STDC__
| # include <limits.h>
| #else
| # include <assert.h>
| #endif
| 
| #undef libiconvctl
| 
| /* Override any GCC internal prototype to avoid an error.
|    Use char because int might match the return type of a GCC
|    builtin and then its argument prototype would still apply.  */
| #ifdef __cplusplus
| extern "C"
| #endif
| char libiconvctl ();
| /* The GNU C library defines this for functions which it implements
|     to always fail with ENOSYS.  Some functions are actually named
|     something starting with __ and the normal name is an alias.  */
| #if defined __stub_libiconvctl || defined __stub___libiconvctl
| choke me
| #endif
| 
| int
| main ()
| {
| return libiconvctl ();
|   ;
|   return 0;
| }
configure:16159: result: no
configure:16197: checking for pg_config
configure:16215: found /usr/bin/pg_config
configure:16227: result: /usr/bin/pg_config
configure:16271: result: checking PostgreSQL version... PostgreSQL 9.1.11
configure:16330: checking libpq-fe.h usability
configure:16330: gcc -c -g -O2 -I/usr/include/postgresql conftest.c >&5
configure:16330: $? = 0
configure:16330: result: yes
configure:16330: checking libpq-fe.h presence
configure:16330: gcc -E -I/usr/include/postgresql conftest.c
configure:16330: $? = 0
configure:16330: result: yes
configure:16330: checking for libpq-fe.h
configure:16330: result: yes
configure:16342: checking for PQserverVersion in -lpq
configure:16367: gcc -o conftest -g -O2   conftest.c -lpq  -L/usr/lib -lpq >&5
configure:16367: $? = 0
configure:16376: result: yes
configure:16432: checking for xml2-config
configure:16465: result: no
configure:16472: error: could not find xml2-config from libxml2 within the current path. You may need to try re-running configure with a --with-xml2config parameter.

## ---------------- ##
## Cache variables. ##
## ---------------- ##

_cv_misprot=yes
_cv_wall=yes
ac_cv_build=x86_64-unknown-linux-gnu
ac_cv_c_compiler_gnu=yes
ac_cv_cxx_compiler_gnu=yes
ac_cv_env_CCC_set=
ac_cv_env_CCC_value=
ac_cv_env_CC_set=
ac_cv_env_CC_value=
ac_cv_env_CFLAGS_set=
ac_cv_env_CFLAGS_value=
ac_cv_env_CPPFLAGS_set=
ac_cv_env_CPPFLAGS_value=
ac_cv_env_CPP_set=
ac_cv_env_CPP_value=
ac_cv_env_CXXCPP_set=
ac_cv_env_CXXCPP_value=
ac_cv_env_CXXFLAGS_set=
ac_cv_env_CXXFLAGS_value=
ac_cv_env_CXX_set=
ac_cv_env_CXX_value=
ac_cv_env_LDFLAGS_set=
ac_cv_env_LDFLAGS_value=
ac_cv_env_LIBS_set=
ac_cv_env_LIBS_value=
ac_cv_env_YACC_set=
ac_cv_env_YACC_value=
ac_cv_env_YFLAGS_set=
ac_cv_env_YFLAGS_value=
ac_cv_env_build_alias_set=
ac_cv_env_build_alias_value=
ac_cv_env_host_alias_set=
ac_cv_env_host_alias_value=
ac_cv_env_target_alias_set=
ac_cv_env_target_alias_value=
ac_cv_func_asprintf=yes
ac_cv_func_iconvctl=no
ac_cv_func_libiconvctl=no
ac_cv_func_vasprintf=yes
ac_cv_header_CUnit_CUnit_h=no
ac_cv_header_dlfcn_h=yes
ac_cv_header_iconv_h=yes
ac_cv_header_ieeefp_h=no
ac_cv_header_inttypes_h=yes
ac_cv_header_libpq_fe_h=yes
ac_cv_header_memory_h=yes
ac_cv_header_stdc=yes
ac_cv_header_stdint_h=yes
ac_cv_header_stdlib_h=yes
ac_cv_header_string_h=yes
ac_cv_header_strings_h=yes
ac_cv_header_sys_stat_h=yes
ac_cv_header_sys_types_h=yes
ac_cv_header_termios_h=yes
ac_cv_header_unistd_h=yes
ac_cv_host=x86_64-unknown-linux-gnu
ac_cv_lib_c_iconv_open=yes
ac_cv_lib_iconv_libiconv_open=no
ac_cv_lib_pq_PQserverVersion=yes
ac_cv_objext=o
ac_cv_path_CPPBIN=/usr/bin/cpp
ac_cv_path_EGREP='/bin/grep -E'
ac_cv_path_FGREP='/bin/grep -F'
ac_cv_path_GREP=/bin/grep
ac_cv_path_PERL=/usr/bin/perl
ac_cv_path_PGCONFIG=/usr/bin/pg_config
ac_cv_path_SED=/bin/sed
ac_cv_prog_AWK=mawk
ac_cv_prog_CPP='gcc -E'
ac_cv_prog_CXXCPP='g++ -E'
ac_cv_prog_ac_ct_AR=ar
ac_cv_prog_ac_ct_CC=gcc
ac_cv_prog_ac_ct_CXX=g++
ac_cv_prog_ac_ct_MANIFEST_TOOL=mt
ac_cv_prog_ac_ct_OBJDUMP=objdump
ac_cv_prog_ac_ct_RANLIB=ranlib
ac_cv_prog_ac_ct_STRIP=strip
ac_cv_prog_cc_c89=
ac_cv_prog_cc_g=yes
ac_cv_prog_cxx_g=yes
ac_cv_sys_largefile_source=no
dummy_cv_ffloat_store=yes
lt_cv_ar_at_file=@
lt_cv_archive_cmds_need_lc=no
lt_cv_deplibs_check_method=pass_all
lt_cv_file_magic_cmd='$MAGIC_CMD'
lt_cv_file_magic_test_file=
lt_cv_ld_reload_flag=-r
lt_cv_nm_interface='BSD nm'
lt_cv_objdir=.libs
lt_cv_path_LD=/usr/bin/ld
lt_cv_path_LDCXX='/usr/bin/ld -m elf_x86_64'
lt_cv_path_NM='/usr/bin/nm -B'
lt_cv_path_mainfest_tool=no
lt_cv_prog_compiler_c_o=yes
lt_cv_prog_compiler_c_o_CXX=yes
lt_cv_prog_compiler_pic='-fPIC -DPIC'
lt_cv_prog_compiler_pic_CXX='-fPIC -DPIC'
lt_cv_prog_compiler_pic_works=yes
lt_cv_prog_compiler_pic_works_CXX=yes
lt_cv_prog_compiler_rtti_exceptions=no
lt_cv_prog_compiler_static_works=yes
lt_cv_prog_compiler_static_works_CXX=yes
lt_cv_prog_gnu_ld=yes
lt_cv_prog_gnu_ldcxx=yes
lt_cv_sharedlib_from_linklib_cmd='printf %s\n'
lt_cv_shlibpath_overrides_runpath=no
lt_cv_sys_global_symbol_pipe='sed -n -e '\''s/^.*[	 ]\([ABCDGIRSTW][ABCDGIRSTW]*\)[	 ][	 ]*\([_A-Za-z][_A-Za-z0-9]*\)$/\1 \2 \2/p'\'' | sed '\''/ __gnu_lto/d'\'''
lt_cv_sys_global_symbol_to_c_name_address='sed -n -e '\''s/^: \([^ ]*\)[ ]*$/  {\"\1\", (void *) 0},/p'\'' -e '\''s/^[ABCDGIRSTW]* \([^ ]*\) \([^ ]*\)$/  {"\2", (void *) \&\2},/p'\'''
lt_cv_sys_global_symbol_to_c_name_address_lib_prefix='sed -n -e '\''s/^: \([^ ]*\)[ ]*$/  {\"\1\", (void *) 0},/p'\'' -e '\''s/^[ABCDGIRSTW]* \([^ ]*\) \(lib[^ ]*\)$/  {"\2", (void *) \&\2},/p'\'' -e '\''s/^[ABCDGIRSTW]* \([^ ]*\) \([^ ]*\)$/  {"lib\2", (void *) \&\2},/p'\'''
lt_cv_sys_global_symbol_to_cdecl='sed -n -e '\''s/^T .* \(.*\)$/extern int \1();/p'\'' -e '\''s/^[ABCDGIRSTW]* .* \(.*\)$/extern char \1;/p'\'''
lt_cv_sys_max_cmd_len=1572864
lt_cv_to_host_file_cmd=func_convert_file_noop
lt_cv_to_tool_file_cmd=func_convert_file_noop

## ----------------- ##
## Output variables. ##
## ----------------- ##

ANT=''
AR='ar'
AWK='mawk'
CC='gcc'
CFLAGS='-g -O2'
CPP='gcc -E'
CPPBIN='/usr/bin/cpp'
CPPFLAGS=''
CUNIT_CPPFLAGS=''
CUNIT_LDFLAGS=''
CXX='g++'
CXXCPP='g++ -E'
CXXFLAGS='-g -O2'
DBLATEX=''
DEFS=''
DLLTOOL='false'
DSYMUTIL=''
DUMPBIN=''
ECHO_C=''
ECHO_N='-n'
ECHO_T=''
EGREP='/bin/grep -E'
EXEEXT=''
EXESUFFIX=''
EXTENSIONS=''
FGREP='/bin/grep -F'
GDALFPOLYGONIZE=''
GDAL_CONFIG=''
GEOSCONFIG=''
GEOS_CPPFLAGS=''
GEOS_LDFLAGS=''
GETTEXT_CFLAGS=''
GETTEXT_LDFLAGS=''
GETTEXT_MACRO_VERSION=''
GMSGFMT=''
GMSGFMT_015=''
GPP=''
GREP='/bin/grep'
GTK_BUILD=''
GTK_CFLAGS=''
GTK_LIBS=''
GTK_WIN32_FLAGS=''
GTK_WIN32_RES=''
HAVE_JSON=''
ICONV_CFLAGS=''
ICONV_LDFLAGS=' -lc'
IGE_MAC_CFLAGS=''
IGE_MAC_LIBS=''
IMAGEMAGICK=''
INSTALL_DATA=''
INSTALL_PROGRAM=''
INSTALL_SCRIPT=''
INTLLIBS=''
INTL_MACOSX_LIBS=''
JSON_CPPFLAGS=''
JSON_LDFLAGS=''
LD='/usr/bin/ld -m elf_x86_64'
LDFLAGS=''
LEX=':'
LEXLIB=''
LEX_OUTPUT_ROOT=''
LIBGDAL_CFLAGS=''
LIBGDAL_LDFLAGS=''
LIBICONV=''
LIBINTL=''
LIBOBJS=''
LIBS=''
LIBTOOL='$(SHELL) $(top_builddir)/libtool'
LIPO=''
LN_S='ln -s'
LTLIBICONV=''
LTLIBINTL=''
LTLIBOBJS=''
MANIFEST_TOOL=':'
MATHML2_DTD='http://www.w3.org/Math/DTD/mathml2/mathml2.dtd'
MINGWBUILD='0'
MKDIR_P=''
MSGFMT=''
MSGFMT_015=''
MSGMERGE=''
NM='/usr/bin/nm -B'
NMEDIT=''
NUMERICFLAGS=' -ffloat-store'
OBJDUMP='objdump'
OBJEXT='o'
OTOOL64=''
OTOOL=''
PACKAGE_BUGREPORT=''
PACKAGE_NAME=''
PACKAGE_STRING=''
PACKAGE_TARNAME=''
PACKAGE_URL=''
PACKAGE_VERSION=''
PATH_SEPARATOR=':'
PERL='/usr/bin/perl'
PGCONFIG='/usr/bin/pg_config'
PGSQL_BE_CPPFLAGS='-I/usr/include/postgresql/9.1/server'
PGSQL_BINDIR='/usr/lib/postgresql/9.1/bin'
PGSQL_DOCDIR='/usr/share/doc/postgresql-doc-9.1'
PGSQL_FE_CPPFLAGS='-I/usr/include/postgresql'
PGSQL_FE_LDFLAGS='-L/usr/lib -lpq'
PGSQL_MANDIR='/usr/share/postgresql/9.1/man'
PGSQL_SHAREDIR='/usr/share/postgresql/9.1'
PGXS='/usr/lib/postgresql/9.1/lib/pgxs/src/makefiles/pgxs.mk'
PGXSOVERRIDE='0'
PICFLAGS=' -fPIC -DPIC'
PKG_CONFIG=''
POSTGIS_BUILD_DATE=''
POSTGIS_GDAL_VERSION=''
POSTGIS_GEOS_VERSION=''
POSTGIS_LIBXML2_VERSION=''
POSTGIS_LIB_VERSION=''
POSTGIS_MAJOR_VERSION='2'
POSTGIS_MICRO_VERSION='1'
POSTGIS_MINOR_VERSION='0'
POSTGIS_PGSQL_VERSION='91'
POSTGIS_PROJ_VERSION=''
POSTGIS_RASTER_BUILD_DATE=''
POSTGIS_RASTER_LIB_VERSION=''
POSTGIS_RASTER_MAJOR_VERSION=''
POSTGIS_RASTER_MICRO_VERSION=''
POSTGIS_RASTER_MINOR_VERSION=''
POSTGIS_RASTER_SCRIPTS_VERSION=''
POSTGIS_RASTER_VERSION=''
POSTGIS_SCRIPTS_VERSION=''
POSTGIS_VERSION=''
POSUB=''
PROJ_CPPFLAGS=''
PROJ_LDFLAGS=''
RANLIB='ranlib'
RASTER=''
RT_CORE_LIB=''
RT_LOADER=''
RT_PG_LIB=''
RT_POSTGIS_SQL=''
SED='/bin/sed'
SET_MAKE=''
SHELL='/bin/bash'
SHLIB_LINK=''
SQLPP='/usr/bin/cpp -traditional-cpp -P'
SRID_MAX=''
SRID_USR_MAX=''
STRIP='strip'
TOPOLOGY=''
USE_NLS=''
WARNFLAGS=' -Wall -Wmissing-prototypes'
XGETTEXT=''
XGETTEXT_015=''
XGETTEXT_EXTRA_OPTIONS=''
XML2CONFIG=''
XMLLINT=''
XSLBASE=''
XSLTPROC=''
YACC='yacc'
YFLAGS=''
ac_ct_AR='ar'
ac_ct_CC='gcc'
ac_ct_CXX='g++'
ac_ct_DUMPBIN=''
bindir='${exec_prefix}/bin'
build='x86_64-unknown-linux-gnu'
build_alias=''
build_cpu='x86_64'
build_os='linux-gnu'
build_vendor='unknown'
datadir='${datarootdir}'
datarootdir='${prefix}/share'
docdir='${datarootdir}/doc/${PACKAGE}'
dvidir='${docdir}'
exec_prefix='NONE'
host='x86_64-unknown-linux-gnu'
host_alias=''
host_cpu='x86_64'
host_os='linux-gnu'
host_vendor='unknown'
htmldir='${docdir}'
includedir='${prefix}/include'
infodir='${datarootdir}/info'
libdir='${exec_prefix}/lib'
libexecdir='${exec_prefix}/libexec'
localedir='${datarootdir}/locale'
localstatedir='${prefix}/var'
mandir='${datarootdir}/man'
mkdir_p=''
oldincludedir='/usr/include'
pdfdir='${docdir}'
prefix='NONE'
program_transform_name='s,x,x,'
psdir='${docdir}'
sbindir='${exec_prefix}/sbin'
sharedstatedir='${prefix}/com'
sysconfdir='${prefix}/etc'
target_alias=''

## ----------- ##
## confdefs.h. ##
## ----------- ##

/* confdefs.h */
#define PACKAGE_NAME ""
#define PACKAGE_TARNAME ""
#define PACKAGE_VERSION ""
#define PACKAGE_STRING ""
#define PACKAGE_BUGREPORT ""
#define PACKAGE_URL ""
#define STDC_HEADERS 1
#define HAVE_SYS_TYPES_H 1
#define HAVE_SYS_STAT_H 1
#define HAVE_STDLIB_H 1
#define HAVE_STRING_H 1
#define HAVE_MEMORY_H 1
#define HAVE_STRINGS_H 1
#define HAVE_INTTYPES_H 1
#define HAVE_STDINT_H 1
#define HAVE_UNISTD_H 1
#define HAVE_DLFCN_H 1
#define LT_OBJDIR ".libs/"
#define POSTGIS_MAJOR_VERSION "2"
#define POSTGIS_MINOR_VERSION "0"
#define POSTGIS_MICRO_VERSION "1"
#define HAVE_IEEEFP_H 0
#define HAVE_TERMIOS_H 1
#define HAVE_VASPRINTF 1
#define HAVE_ASPRINTF 1
#define HAVE_FSEEKO 1
#define HAVE_ICONV 1
#define PGSQL_LOCALEDIR "/usr/share/locale"
#define HAVE_LIBPQ 1
#define POSTGIS_PGSQL_VERSION 91

configure: exit 1
